
> my-v0-project@0.1.0 dev
> next dev

 ⚠ Port 3000 is in use, trying 3001 instead.
 ⚠ Port 3001 is in use, trying 3002 instead.
  ▲ Next.js 14.2.16
  - Local:        http://localhost:3002

 ✓ Starting...
 ✓ Ready in 4.8s
 ○ Compiling /card/[id] ...
 ✓ Compiled /card/[id] in 22.9s (3927 modules)
 GET /card/test-id-card-1 200 in 26227ms
 GET /card/test-id-card-1 200 in 92ms
 ○ Compiling /catalog ...
 ✓ Compiled /catalog in 2.6s (3964 modules)
 GET /catalog 200 in 3634ms
 ✓ Compiled in 8.1s (3964 modules)
 ✓ Compiled in 7.7s (3964 modules)
 ✓ Compiled in 1804ms (3962 modules)
 GET /catalog 200 in 954ms
 ✓ Compiled in 9.1s (1870 modules)
 ✓ Compiled in 1366ms (1870 modules)
[?25h
